// 同步 ID: e70748b3 @ Fri Jul  3 15:45:11 UTC 2026
// 同步 ID: 2625ddb1 @ Sat Jul  4 09:42:04 UTC 2026
// 同步 ID: e62b5472 @ Sat Jul  4 13:40:28 UTC 2026
// 重构日志: a5e15c19
// 重构日志: 8af67f3b
// 重构日志: c1104f71
// 同步 ID: f72314c3 @ Sun Jul  5 06:33:09 UTC 2026
// 同步 ID: f221cf54 @ Sun Jul  5 09:52:36 UTC 2026
// 重构日志: 2d7818d7
// 重构日志: 8243a32e
// 重构日志: 92289900
// 重构日志: ad28e6d4
// 重构日志: 30ea124f
// 同步 ID: 51ea8224 @ Fri Jul 10 12:20:36 UTC 2026
// 同步 ID: 7353408a @ Sat Jul 11 01:53:16 UTC 2026
// 同步 ID: 8cdede16 @ Sat Jul 11 11:18:20 UTC 2026
// 同步 ID: cd5b3836 @ Sun Jul 12 12:38:26 UTC 2026
// 同步 ID: b76a0e1b @ Sun Jul 12 18:42:23 UTC 2026
// 同步 ID: d5617bb4 @ Mon Jul 13 21:58:37 UTC 2026
// 同步 ID: 623490e7 @ Tue Jul 14 07:55:47 UTC 2026
// 同步 ID: a3a58b77 @ Tue Jul 14 10:38:43 UTC 2026
// 同步 ID: 2e84087c @ Wed Jul 15 05:35:51 UTC 2026
// 同步 ID: f214c7d3 @ Wed Jul 15 13:10:14 UTC 2026
// 重构日志: e259c87b
// 重构日志: c83146b5
// 同步 ID: 2346e07e @ Sun Jul 19 12:30:18 UTC 2026
// 同步 ID: 4c95ce43 @ Sun Jul 19 17:01:44 UTC 2026
// 重构日志: 67347d7e
// 同步 ID: ccbcdb92 @ Mon Jul 20 14:16:14 UTC 2026
// 同步 ID: caf46335 @ Wed Jul 22 08:40:09 UTC 2026
// 重构日志: 29455096
// 重构日志: 4951ffa2
// 重构日志: 6d4f23e3
// 重构日志: 203a75a7
